<?xml version="1.0" encoding="UTF-8"?>
<testng-results ignored="0" total="1" passed="1" failed="0" skipped="0">
  <reporter-output>
  </reporter-output>
  <suite started-at="2023-04-12T11:42:34 IST" name="Default suite" finished-at="2023-04-12T11:42:34 IST" duration-ms="287">
    <groups>
    </groups>
    <test started-at="2023-04-12T11:42:34 IST" name="Default test" finished-at="2023-04-12T11:42:34 IST" duration-ms="287">
      <class name="sample1.push_sample">
        <test-method signature="push()[pri:0, instance:sample1.push_sample@56a6d5a6]" started-at="2023-04-12T11:42:34 IST" name="push" finished-at="2023-04-12T11:42:34 IST" duration-ms="68" status="PASS">
          <reporter-output>
          </reporter-output>
        </test-method> <!-- push -->
      </class> <!-- sample1.push_sample -->
    </test> <!-- Default test -->
  </suite> <!-- Default suite -->
</testng-results>
