<?xml version="1.0" encoding="UTF-8"?>
<testng-results ignored="0" total="1" passed="1" failed="0" skipped="0">
  <reporter-output>
  </reporter-output>
  <suite started-at="2023-04-12T11:05:08 IST" name="Default suite" finished-at="2023-04-12T11:05:09 IST" duration-ms="211">
    <groups>
    </groups>
    <test started-at="2023-04-12T11:05:08 IST" name="Default test" finished-at="2023-04-12T11:05:09 IST" duration-ms="211">
      <class name="sample1.demo">
        <test-method signature="gdemo()[pri:0, instance:sample1.demo@56a6d5a6]" started-at="2023-04-12T11:05:08 IST" name="gdemo" finished-at="2023-04-12T11:05:08 IST" duration-ms="33" status="PASS">
          <reporter-output>
          </reporter-output>
        </test-method> <!-- gdemo -->
      </class> <!-- sample1.demo -->
    </test> <!-- Default test -->
  </suite> <!-- Default suite -->
</testng-results>
